<?xml version="1.0" encoding="UTF-8"?>
<!-- Generated by org.testng.reporters.JUnitXMLReporter -->
<testsuite ignored="0" hostname="DESKTOP-9GT9N0E" failures="0" tests="3" name="Test" time="50.94" errors="0" timestamp="23 Nov 2022 06:23:35 GMT">
  <testcase classname="testcases.SimplilearnLoginTest" name="Test1" time="10.252"/>
  <testcase classname="testcases.SimplilearnLoginTest" name="Test2" time="10.114"/>
  <testcase classname="testcases.SimplilearnLoginTest" name="Test3" time="10.535"/>
</testsuite> <!-- Test -->
