<?xml version="1.0" encoding="UTF-8"?>
<!-- Generated by org.testng.reporters.JUnitXMLReporter -->
<testsuite ignored="2" hostname="DESKTOP-9GT9N0E" failures="0" tests="4" name="Test" time="45.844" errors="0" timestamp="17 Nov 2022 03:15:51 GMT">
  <testcase classname="testcases.SimplilearnLoginTest" name="Test1" time="8.788"/>
  <testcase classname="testcases.SimplilearnLoginTest" name="Test2" time="8.008"/>
  <testcase classname="testcases.SimplilearnLoginTest" name="Test3" time="13.737"/>
  <testcase classname="testcases.HomeTest" name="Test1" time="0.0"/>
  <testcase classname="testcases.BaseClass" name="@AfterTest DataClean" time="0.0">
    <ignored/>
  </testcase> <!-- @AfterTest DataClean -->
  <testcase classname="testcases.BaseClass" name="@BeforeTest DataSetUp" time="0.0">
    <ignored/>
  </testcase> <!-- @BeforeTest DataSetUp -->
</testsuite> <!-- Test -->
