<?xml version="1.0" encoding="UTF-8"?>
<testng-results ignored="2" total="6" passed="4" failed="0" skipped="0">
  <reporter-output>
  </reporter-output>
  <suite started-at="2022-11-17T03:15:05Z" name="Suite" finished-at="2022-11-17T03:15:51Z" duration-ms="45844">
    <groups>
    </groups>
    <test started-at="2022-11-17T03:15:05Z" name="Test" finished-at="2022-11-17T03:15:51Z" duration-ms="45844">
      <class name="testcases.HomeTest">
        <test-method is-config="true" signature="SetUp()[pri:0, instance:testcases.HomeTest@6892b3b6]" started-at="2022-11-17T03:15:46Z" name="SetUp" finished-at="2022-11-17T03:15:50Z" duration-ms="4194" status="PASS">
          <reporter-output>
          </reporter-output>
        </test-method> <!-- SetUp -->
        <test-method signature="Test1()[pri:0, instance:testcases.HomeTest@6892b3b6]" started-at="2022-11-17T03:15:50Z" name="Test1" finished-at="2022-11-17T03:15:50Z" duration-ms="0" status="PASS">
          <reporter-output>
          </reporter-output>
        </test-method> <!-- Test1 -->
        <test-method is-config="true" signature="TearDown()[pri:0, instance:testcases.HomeTest@6892b3b6]" started-at="2022-11-17T03:15:50Z" name="TearDown" finished-at="2022-11-17T03:15:51Z" duration-ms="389" status="PASS">
          <reporter-output>
          </reporter-output>
        </test-method> <!-- TearDown -->
      </class> <!-- testcases.HomeTest -->
      <class name="testcases.SimplilearnLoginTest">
        <test-method is-config="true" signature="DataSetUp()[pri:0, instance:testcases.SimplilearnLoginTest@11392934]" started-at="2022-11-17T03:15:05Z" name="DataSetUp" finished-at="2022-11-17T03:15:06Z" duration-ms="815" status="PASS">
          <reporter-output>
          </reporter-output>
        </test-method> <!-- DataSetUp -->
        <test-method is-config="true" signature="SetUp()[pri:0, instance:testcases.SimplilearnLoginTest@11392934]" started-at="2022-11-17T03:15:06Z" name="SetUp" finished-at="2022-11-17T03:15:09Z" duration-ms="3507" status="PASS">
          <reporter-output>
          </reporter-output>
        </test-method> <!-- SetUp -->
        <test-method signature="Test1()[pri:0, instance:testcases.SimplilearnLoginTest@11392934]" started-at="2022-11-17T03:15:09Z" name="Test1" finished-at="2022-11-17T03:15:18Z" duration-ms="8788" status="PASS">
          <reporter-output>
          </reporter-output>
        </test-method> <!-- Test1 -->
        <test-method is-config="true" signature="TearDown()[pri:0, instance:testcases.SimplilearnLoginTest@11392934]" started-at="2022-11-17T03:15:18Z" name="TearDown" finished-at="2022-11-17T03:15:18Z" duration-ms="95" status="PASS">
          <reporter-output>
          </reporter-output>
        </test-method> <!-- TearDown -->
        <test-method is-config="true" signature="SetUp()[pri:0, instance:testcases.SimplilearnLoginTest@11392934]" started-at="2022-11-17T03:15:18Z" name="SetUp" finished-at="2022-11-17T03:15:21Z" duration-ms="3249" status="PASS">
          <reporter-output>
          </reporter-output>
        </test-method> <!-- SetUp -->
        <test-method signature="Test2(java.lang.String, java.lang.String)[pri:0, instance:testcases.SimplilearnLoginTest@11392934]" started-at="2022-11-17T03:15:21Z" name="Test2" finished-at="2022-11-17T03:15:29Z" duration-ms="8008" status="PASS">
          <params>
            <param index="0">
              <value>
                <![CDATA[abc@xyz.com]]>
              </value>
            </param>
            <param index="1">
              <value>
                <![CDATA[Abc@1234]]>
              </value>
            </param>
          </params>
          <reporter-output>
          </reporter-output>
        </test-method> <!-- Test2 -->
        <test-method is-config="true" signature="TearDown()[pri:0, instance:testcases.SimplilearnLoginTest@11392934]" started-at="2022-11-17T03:15:29Z" name="TearDown" finished-at="2022-11-17T03:15:29Z" duration-ms="129" status="PASS">
          <reporter-output>
          </reporter-output>
        </test-method> <!-- TearDown -->
        <test-method is-config="true" signature="SetUp()[pri:0, instance:testcases.SimplilearnLoginTest@11392934]" started-at="2022-11-17T03:15:29Z" name="SetUp" finished-at="2022-11-17T03:15:32Z" duration-ms="2678" status="PASS">
          <reporter-output>
          </reporter-output>
        </test-method> <!-- SetUp -->
        <test-method signature="Test3()[pri:0, instance:testcases.SimplilearnLoginTest@11392934]" started-at="2022-11-17T03:15:32Z" name="Test3" finished-at="2022-11-17T03:15:46Z" duration-ms="13737" status="PASS">
          <reporter-output>
          </reporter-output>
        </test-method> <!-- Test3 -->
        <test-method is-config="true" signature="TearDown()[pri:0, instance:testcases.SimplilearnLoginTest@11392934]" started-at="2022-11-17T03:15:46Z" name="TearDown" finished-at="2022-11-17T03:15:46Z" duration-ms="230" status="PASS">
          <reporter-output>
          </reporter-output>
        </test-method> <!-- TearDown -->
        <test-method is-config="true" signature="DataClean()[pri:0, instance:testcases.SimplilearnLoginTest@11392934]" started-at="2022-11-17T03:15:51Z" name="DataClean" finished-at="2022-11-17T03:15:51Z" duration-ms="0" status="PASS">
          <reporter-output>
          </reporter-output>
        </test-method> <!-- DataClean -->
      </class> <!-- testcases.SimplilearnLoginTest -->
    </test> <!-- Test -->
  </suite> <!-- Suite -->
</testng-results>
